Added Component: Designator=ESP32(ESP32)
Add component. Clean all parameters for all variants
Added Component: Designator=GND_VIN(JP3)
Add component. Clean all parameters for all variants
Add component (AddParameter): Name = "LatestRevisionDate"; Value = "17-Jul-2002"; VariantName = "[No Variations]"
Add component (AddParameter): Name = "LatestRevisionNote"; Value = "Re-released for DXP Platform."; VariantName = "[No Variations]"
Add component (AddParameter): Name = "Publisher"; Value = "Altium Limited"; VariantName = "[No Variations]"
Added Component: Designator=H_BRIDGE(JP3)
Add component. Clean all parameters for all variants
Add component (AddParameter): Name = "LatestRevisionDate"; Value = "17-Jul-2002"; VariantName = "[No Variations]"
Add component (AddParameter): Name = "LatestRevisionNote"; Value = "Re-released for DXP Platform."; VariantName = "[No Variations]"
Add component (AddParameter): Name = "Publisher"; Value = "Altium Limited"; VariantName = "[No Variations]"
Added Component: Designator=MOTOR(JP6)
Add component. Clean all parameters for all variants
Add component (AddParameter): Name = "LatestRevisionDate"; Value = "17-Jul-2002"; VariantName = "[No Variations]"
Add component (AddParameter): Name = "LatestRevisionNote"; Value = "Re-released for DXP Platform."; VariantName = "[No Variations]"
Add component (AddParameter): Name = "Publisher"; Value = "Altium Limited"; VariantName = "[No Variations]"
Added Component: Designator=SERVO(JP3)
Add component. Clean all parameters for all variants
Add component (AddParameter): Name = "LatestRevisionDate"; Value = "17-Jul-2002"; VariantName = "[No Variations]"
Add component (AddParameter): Name = "LatestRevisionNote"; Value = "Re-released for DXP Platform."; VariantName = "[No Variations]"
Add component (AddParameter): Name = "Publisher"; Value = "Altium Limited"; VariantName = "[No Variations]"
Added Component: Designator=UART2(JP6)
Add component. Clean all parameters for all variants
Add component (AddParameter): Name = "LatestRevisionDate"; Value = "17-Jul-2002"; VariantName = "[No Variations]"
Add component (AddParameter): Name = "LatestRevisionNote"; Value = "Re-released for DXP Platform."; VariantName = "[No Variations]"
Add component (AddParameter): Name = "Publisher"; Value = "Altium Limited"; VariantName = "[No Variations]"
Added Pin To Net: NetName=GND Pin=ESP32-2
Added Pin To Net: NetName=GND Pin=ESP32-29
Added Pin To Net: NetName=GND Pin=GND_VIN-1
Added Pin To Net: NetName=GND Pin=GND_VIN-2
Added Pin To Net: NetName=GND Pin=MOTOR-2
Added Pin To Net: NetName=GND Pin=UART2-3
Added Net: Name=GND
Added Pin To Net: NetName=NetESP32_5 Pin=ESP32-5
Added Pin To Net: NetName=NetESP32_5 Pin=SERVO-3
Added Net: Name=NetESP32_5
Added Pin To Net: NetName=NetESP32_6 Pin=ESP32-6
Added Pin To Net: NetName=NetESP32_6 Pin=UART2-1
Added Net: Name=NetESP32_6
Added Pin To Net: NetName=NetESP32_7 Pin=ESP32-7
Added Pin To Net: NetName=NetESP32_7 Pin=UART2-2
Added Net: Name=NetESP32_7
Added Pin To Net: NetName=NetESP32_9 Pin=ESP32-9
Added Pin To Net: NetName=NetESP32_9 Pin=MOTOR-3
Added Net: Name=NetESP32_9
Added Pin To Net: NetName=NetESP32_10 Pin=ESP32-10
Added Pin To Net: NetName=NetESP32_10 Pin=MOTOR-4
Added Net: Name=NetESP32_10
Added Pin To Net: NetName=NetESP32_15 Pin=ESP32-15
Added Pin To Net: NetName=NetESP32_15 Pin=H_BRIDGE-3
Added Net: Name=NetESP32_15
Added Pin To Net: NetName=NetESP32_27 Pin=ESP32-27
Added Pin To Net: NetName=NetESP32_27 Pin=H_BRIDGE-2
Added Net: Name=NetESP32_27
Added Pin To Net: NetName=NetESP32_28 Pin=ESP32-28
Added Pin To Net: NetName=NetESP32_28 Pin=H_BRIDGE-1
Added Net: Name=NetESP32_28
Added Pin To Net: NetName=VIN Pin=ESP32-30
Added Pin To Net: NetName=VIN Pin=GND_VIN-3
Added Net: Name=VIN
Added Class: Name=Thesis_Schematic
Added Room: Name=Thesis_Schematic
